# JRE version: Java(TM) SE Runtime Environment (8.0_51-b16) (build 1.8.0_51-b16)
# Java VM: Java HotSpot(TM) 64-Bit Server VM (25.51-b03 mixed mode windows-amd64 compressed oops)
Heap:
 PSYoungGen      total 75264K, used 4408K [0x000000076c500000, 0x0000000771900000, 0x00000007c0000000)
  eden space 64512K, 6% used [0x000000076c500000,0x000000076c94e1d0,0x0000000770400000)
  from space 10752K, 0% used [0x0000000770e80000,0x0000000770e80000,0x0000000771900000)
  to   space 10752K, 0% used [0x0000000770400000,0x0000000770400000,0x0000000770e80000)
 ParOldGen       total 134656K, used 13949K [0x00000006c4e00000, 0x00000006cd180000, 0x000000076c500000)
  object space 134656K, 10% used [0x00000006c4e00000,0x00000006c5b9f630,0x00000006cd180000)
 Metaspace       used 21311K, capacity 21572K, committed 21888K, reserved 1069056K
  class space    used 2766K, capacity 2837K, committed 2944K, reserved 1048576K
GC Heap History (6 events):
Event: 1.533 GC heap before
{Heap before GC invocations=1 (full 0):
 PSYoungGen      total 75264K, used 64512K [0x000000076c500000, 0x0000000771900000, 0x00000007c0000000)
  eden space 64512K, 100% used [0x000000076c500000,0x0000000770400000,0x0000000770400000)
  from space 10752K, 0% used [0x0000000770e80000,0x0000000770e80000,0x0000000771900000)
  to   space 10752K, 0% used [0x0000000770400000,0x0000000770400000,0x0000000770e80000)
 ParOldGen       total 172032K, used 0K [0x00000006c4e00000, 0x00000006cf600000, 0x000000076c500000)
  object space 172032K, 0% used [0x00000006c4e00000,0x00000006c4e00000,0x00000006cf600000)
 Metaspace       used 10997K, capacity 11220K, committed 11392K, reserved 1058816K
  class space    used 1512K, capacity 1612K, committed 1664K, reserved 1048576K
Event: 1.540 GC heap after
Heap after GC invocations=1 (full 0):
 PSYoungGen      total 75264K, used 8416K [0x000000076c500000, 0x0000000771900000, 0x00000007c0000000)
  eden space 64512K, 0% used [0x000000076c500000,0x000000076c500000,0x0000000770400000)
  from space 10752K, 78% used [0x0000000770400000,0x0000000770c38210,0x0000000770e80000)
  to   space 10752K, 0% used [0x0000000770e80000,0x0000000770e80000,0x0000000771900000)
 ParOldGen       total 172032K, used 16K [0x00000006c4e00000, 0x00000006cf600000, 0x000000076c500000)
  object space 172032K, 0% used [0x00000006c4e00000,0x00000006c4e04000,0x00000006cf600000)
 Metaspace       used 10997K, capacity 11220K, committed 11392K, reserved 1058816K
  class space    used 1512K, capacity 1612K, committed 1664K, reserved 1048576K
}
Event: 4.234 GC heap before
{Heap before GC invocations=2 (full 0):
 PSYoungGen      total 75264K, used 66125K [0x000000076c500000, 0x0000000771900000, 0x00000007c0000000)
  eden space 64512K, 89% used [0x000000076c500000,0x000000076fd5b420,0x0000000770400000)
  from space 10752K, 78% used [0x0000000770400000,0x0000000770c38210,0x0000000770e80000)
  to   space 10752K, 0% used [0x0000000770e80000,0x0000000770e80000,0x0000000771900000)
 ParOldGen       total 172032K, used 16K [0x00000006c4e00000, 0x00000006cf600000, 0x000000076c500000)
  object space 172032K, 0% used [0x00000006c4e00000,0x00000006c4e04000,0x00000006cf600000)
 Metaspace       used 20825K, capacity 21086K, committed 21248K, reserved 1067008K
  class space    used 2722K, capacity 2805K, committed 2816K, reserved 1048576K
Event: 4.267 GC heap after
Heap after GC invocations=2 (full 0):
 PSYoungGen      total 75264K, used 10743K [0x000000076c500000, 0x0000000771900000, 0x00000007c0000000)
  eden space 64512K, 0% used [0x000000076c500000,0x000000076c500000,0x0000000770400000)
  from space 10752K, 99% used [0x0000000770e80000,0x00000007718fdd08,0x0000000771900000)
  to   space 10752K, 0% used [0x0000000770400000,0x0000000770400000,0x0000000770e80000)
 ParOldGen       total 172032K, used 3720K [0x00000006c4e00000, 0x00000006cf600000, 0x000000076c500000)
  object space 172032K, 2% used [0x00000006c4e00000,0x00000006c51a20b0,0x00000006cf600000)
 Metaspace       used 20825K, capacity 21086K, committed 21248K, reserved 1067008K
  class space    used 2722K, capacity 2805K, committed 2816K, reserved 1048576K
}
Event: 4.267 GC heap before
{Heap before GC invocations=3 (full 1):
 PSYoungGen      total 75264K, used 10743K [0x000000076c500000, 0x0000000771900000, 0x00000007c0000000)
  eden space 64512K, 0% used [0x000000076c500000,0x000000076c500000,0x0000000770400000)
  from space 10752K, 99% used [0x0000000770e80000,0x00000007718fdd08,0x0000000771900000)
  to   space 10752K, 0% used [0x0000000770400000,0x0000000770400000,0x0000000770e80000)
 ParOldGen       total 172032K, used 3720K [0x00000006c4e00000, 0x00000006cf600000, 0x000000076c500000)
  object space 172032K, 2% used [0x00000006c4e00000,0x00000006c51a20b0,0x00000006cf600000)
 Metaspace       used 20825K, capacity 21086K, committed 21248K, reserved 1067008K
  class space    used 2722K, capacity 2805K, committed 2816K, reserved 1048576K
Event: 4.398 GC heap after
Heap after GC invocations=3 (full 1):
 PSYoungGen      total 75264K, used 0K [0x000000076c500000, 0x0000000771900000, 0x00000007c0000000)
  eden space 64512K, 0% used [0x000000076c500000,0x000000076c500000,0x0000000770400000)
  from space 10752K, 0% used [0x0000000770e80000,0x0000000770e80000,0x0000000771900000)
  to   space 10752K, 0% used [0x0000000770400000,0x0000000770400000,0x0000000770e80000)
 ParOldGen       total 134656K, used 13949K [0x00000006c4e00000, 0x00000006cd180000, 0x000000076c500000)
  object space 134656K, 10% used [0x00000006c4e00000,0x00000006c5b9f630,0x00000006cd180000)
 Metaspace       used 20822K, capacity 21080K, committed 21248K, reserved 1067008K
  class space    used 2721K, capacity 2803K, committed 2816K, reserved 1048576K
}

