# JRE version: Java(TM) SE Runtime Environment (8.0_51-b16) (build 1.8.0_51-b16)
# Java VM: Java HotSpot(TM) 64-Bit Server VM (25.51-b03 mixed mode windows-amd64 compressed oops)
Heap:
 PSYoungGen      total 122368K, used 46025K [0x000000076c500000, 0x0000000775400000, 0x00000007c0000000)
  eden space 115712K, 34% used [0x000000076c500000,0x000000076ebb15a8,0x0000000773600000)
  from space 6656K, 96% used [0x0000000774d80000,0x00000007753c1190,0x0000000775400000)
  to   space 10752K, 0% used [0x0000000773f00000,0x0000000773f00000,0x0000000774980000)
 ParOldGen       total 87040K, used 7696K [0x00000006c4e00000, 0x00000006ca300000, 0x000000076c500000)
  object space 87040K, 8% used [0x00000006c4e00000,0x00000006c55841e0,0x00000006ca300000)
 Metaspace       used 27543K, capacity 28068K, committed 28416K, reserved 1073152K
  class space    used 3796K, capacity 3985K, committed 4096K, reserved 1048576K
GC Heap History (10 events):
Event: 1.184 GC heap before
{Heap before GC invocations=1 (full 0):
 PSYoungGen      total 75264K, used 64512K [0x000000076c500000, 0x0000000771900000, 0x00000007c0000000)
  eden space 64512K, 100% used [0x000000076c500000,0x0000000770400000,0x0000000770400000)
  from space 10752K, 0% used [0x0000000770e80000,0x0000000770e80000,0x0000000771900000)
  to   space 10752K, 0% used [0x0000000770400000,0x0000000770400000,0x0000000770e80000)
 ParOldGen       total 172032K, used 0K [0x00000006c4e00000, 0x00000006cf600000, 0x000000076c500000)
  object space 172032K, 0% used [0x00000006c4e00000,0x00000006c4e00000,0x00000006cf600000)
 Metaspace       used 10999K, capacity 11220K, committed 11392K, reserved 1058816K
  class space    used 1512K, capacity 1612K, committed 1664K, reserved 1048576K
Event: 1.190 GC heap after
Heap after GC invocations=1 (full 0):
 PSYoungGen      total 75264K, used 8293K [0x000000076c500000, 0x0000000771900000, 0x00000007c0000000)
  eden space 64512K, 0% used [0x000000076c500000,0x000000076c500000,0x0000000770400000)
  from space 10752K, 77% used [0x0000000770400000,0x0000000770c19520,0x0000000770e80000)
  to   space 10752K, 0% used [0x0000000770e80000,0x0000000770e80000,0x0000000771900000)
 ParOldGen       total 172032K, used 16K [0x00000006c4e00000, 0x00000006cf600000, 0x000000076c500000)
  object space 172032K, 0% used [0x00000006c4e00000,0x00000006c4e04000,0x00000006cf600000)
 Metaspace       used 10999K, capacity 11220K, committed 11392K, reserved 1058816K
  class space    used 1512K, capacity 1612K, committed 1664K, reserved 1048576K
}
Event: 2.152 GC heap before
{Heap before GC invocations=2 (full 0):
 PSYoungGen      total 75264K, used 72805K [0x000000076c500000, 0x0000000771900000, 0x00000007c0000000)
  eden space 64512K, 100% used [0x000000076c500000,0x0000000770400000,0x0000000770400000)
  from space 10752K, 77% used [0x0000000770400000,0x0000000770c19520,0x0000000770e80000)
  to   space 10752K, 0% used [0x0000000770e80000,0x0000000770e80000,0x0000000771900000)
 ParOldGen       total 172032K, used 16K [0x00000006c4e00000, 0x00000006cf600000, 0x000000076c500000)
  object space 172032K, 0% used [0x00000006c4e00000,0x00000006c4e04000,0x00000006cf600000)
 Metaspace       used 20400K, capacity 20722K, committed 20864K, reserved 1067008K
  class space    used 2779K, capacity 2898K, committed 2944K, reserved 1048576K
Event: 2.161 GC heap after
Heap after GC invocations=2 (full 0):
 PSYoungGen      total 75264K, used 10739K [0x000000076c500000, 0x0000000771900000, 0x00000007c0000000)
  eden space 64512K, 0% used [0x000000076c500000,0x000000076c500000,0x0000000770400000)
  from space 10752K, 99% used [0x0000000770e80000,0x00000007718fcda0,0x0000000771900000)
  to   space 10752K, 0% used [0x0000000770400000,0x0000000770400000,0x0000000770e80000)
 ParOldGen       total 172032K, used 2350K [0x00000006c4e00000, 0x00000006cf600000, 0x000000076c500000)
  object space 172032K, 1% used [0x00000006c4e00000,0x00000006c504ba88,0x00000006cf600000)
 Metaspace       used 20400K, capacity 20722K, committed 20864K, reserved 1067008K
  class space    used 2779K, capacity 2898K, committed 2944K, reserved 1048576K
}
Event: 2.241 GC heap before
{Heap before GC invocations=3 (full 0):
 PSYoungGen      total 75264K, used 17742K [0x000000076c500000, 0x0000000771900000, 0x00000007c0000000)
  eden space 64512K, 10% used [0x000000076c500000,0x000000076cbd6aa0,0x0000000770400000)
  from space 10752K, 99% used [0x0000000770e80000,0x00000007718fcda0,0x0000000771900000)
  to   space 10752K, 0% used [0x0000000770400000,0x0000000770400000,0x0000000770e80000)
 ParOldGen       total 172032K, used 2350K [0x00000006c4e00000, 0x00000006cf600000, 0x000000076c500000)
  object space 172032K, 1% used [0x00000006c4e00000,0x00000006c504ba88,0x00000006cf600000)
 Metaspace       used 20876K, capacity 21098K, committed 21296K, reserved 1067008K
  class space    used 2860K, capacity 2938K, committed 2944K, reserved 1048576K
Event: 2.257 GC heap after
Heap after GC invocations=3 (full 0):
 PSYoungGen      total 75264K, used 7765K [0x000000076c500000, 0x0000000775800000, 0x00000007c0000000)
  eden space 64512K, 0% used [0x000000076c500000,0x000000076c500000,0x0000000770400000)
  from space 10752K, 72% used [0x0000000770400000,0x0000000770b95660,0x0000000770e80000)
  to   space 10752K, 0% used [0x0000000774d80000,0x0000000774d80000,0x0000000775800000)
 ParOldGen       total 172032K, used 2358K [0x00000006c4e00000, 0x00000006cf600000, 0x000000076c500000)
  object space 172032K, 1% used [0x00000006c4e00000,0x00000006c504da88,0x00000006cf600000)
 Metaspace       used 20876K, capacity 21098K, committed 21296K, reserved 1067008K
  class space    used 2860K, capacity 2938K, committed 2944K, reserved 1048576K
}
Event: 2.257 GC heap before
{Heap before GC invocations=4 (full 1):
 PSYoungGen      total 75264K, used 7765K [0x000000076c500000, 0x0000000775800000, 0x00000007c0000000)
  eden space 64512K, 0% used [0x000000076c500000,0x000000076c500000,0x0000000770400000)
  from space 10752K, 72% used [0x0000000770400000,0x0000000770b95660,0x0000000770e80000)
  to   space 10752K, 0% used [0x0000000774d80000,0x0000000774d80000,0x0000000775800000)
 ParOldGen       total 172032K, used 2358K [0x00000006c4e00000, 0x00000006cf600000, 0x000000076c500000)
  object space 172032K, 1% used [0x00000006c4e00000,0x00000006c504da88,0x00000006cf600000)
 Metaspace       used 20876K, capacity 21098K, committed 21296K, reserved 1067008K
  class space    used 2860K, capacity 2938K, committed 2944K, reserved 1048576K
Event: 2.287 GC heap after
Heap after GC invocations=4 (full 1):
 PSYoungGen      total 75264K, used 0K [0x000000076c500000, 0x0000000775800000, 0x00000007c0000000)
  eden space 64512K, 0% used [0x000000076c500000,0x000000076c500000,0x0000000770400000)
  from space 10752K, 0% used [0x0000000770400000,0x0000000770400000,0x0000000770e80000)
  to   space 10752K, 0% used [0x0000000774d80000,0x0000000774d80000,0x0000000775800000)
 ParOldGen       total 87040K, used 7624K [0x00000006c4e00000, 0x00000006ca300000, 0x000000076c500000)
  object space 87040K, 8% used [0x00000006c4e00000,0x00000006c55721d0,0x00000006ca300000)
 Metaspace       used 20876K, capacity 21098K, committed 21296K, reserved 1067008K
  class space    used 2860K, capacity 2938K, committed 2944K, reserved 1048576K
}
Event: 3.710 GC heap before
{Heap before GC invocations=5 (full 1):
 PSYoungGen      total 75264K, used 64512K [0x000000076c500000, 0x0000000775800000, 0x00000007c0000000)
  eden space 64512K, 100% used [0x000000076c500000,0x0000000770400000,0x0000000770400000)
  from space 10752K, 0% used [0x0000000770400000,0x0000000770400000,0x0000000770e80000)
  to   space 10752K, 0% used [0x0000000774d80000,0x0000000774d80000,0x0000000775800000)
 ParOldGen       total 87040K, used 7624K [0x00000006c4e00000, 0x00000006ca300000, 0x000000076c500000)
  object space 87040K, 8% used [0x00000006c4e00000,0x00000006c55721d0,0x00000006ca300000)
 Metaspace       used 25863K, capacity 26320K, committed 26624K, reserved 1073152K
  class space    used 3619K, capacity 3756K, committed 3840K, reserved 1048576K
Event: 3.742 GC heap after
Heap after GC invocations=5 (full 1):
 PSYoungGen      total 122368K, used 6404K [0x000000076c500000, 0x0000000775400000, 0x00000007c0000000)
  eden space 115712K, 0% used [0x000000076c500000,0x000000076c500000,0x0000000773600000)
  from space 6656K, 96% used [0x0000000774d80000,0x00000007753c1190,0x0000000775400000)
  to   space 10752K, 0% used [0x0000000773f00000,0x0000000773f00000,0x0000000774980000)
 ParOldGen       total 87040K, used 7696K [0x00000006c4e00000, 0x00000006ca300000, 0x000000076c500000)
  object space 87040K, 8% used [0x00000006c4e00000,0x00000006c55841e0,0x00000006ca300000)
 Metaspace       used 25863K, capacity 26320K, committed 26624K, reserved 1073152K
  class space    used 3619K, capacity 3756K, committed 3840K, reserved 1048576K
}

