# JRE version: Java(TM) SE Runtime Environment (8.0_51-b16) (build 1.8.0_51-b16)
# Java VM: Java HotSpot(TM) 64-Bit Server VM (25.51-b03 mixed mode windows-amd64 compressed oops)
Heap:
 PSYoungGen      total 117248K, used 15656K [0x000000076c500000, 0x0000000775400000, 0x00000007c0000000)
  eden space 110592K, 8% used [0x000000076c500000,0x000000076cdf88b0,0x0000000773100000)
  from space 6656K, 97% used [0x0000000774d80000,0x00000007753d1998,0x0000000775400000)
  to   space 10752K, 0% used [0x0000000773f00000,0x0000000773f00000,0x0000000774980000)
 ParOldGen       total 92160K, used 7661K [0x00000006c4e00000, 0x00000006ca800000, 0x000000076c500000)
  object space 92160K, 8% used [0x00000006c4e00000,0x00000006c557b458,0x00000006ca800000)
 Metaspace       used 25921K, capacity 26388K, committed 26624K, reserved 1073152K
  class space    used 3617K, capacity 3756K, committed 3840K, reserved 1048576K
GC Heap History (10 events):
Event: 1.579 GC heap before
{Heap before GC invocations=1 (full 0):
 PSYoungGen      total 75264K, used 64512K [0x000000076c500000, 0x0000000771900000, 0x00000007c0000000)
  eden space 64512K, 100% used [0x000000076c500000,0x0000000770400000,0x0000000770400000)
  from space 10752K, 0% used [0x0000000770e80000,0x0000000770e80000,0x0000000771900000)
  to   space 10752K, 0% used [0x0000000770400000,0x0000000770400000,0x0000000770e80000)
 ParOldGen       total 172032K, used 0K [0x00000006c4e00000, 0x00000006cf600000, 0x000000076c500000)
  object space 172032K, 0% used [0x00000006c4e00000,0x00000006c4e00000,0x00000006cf600000)
 Metaspace       used 11002K, capacity 11224K, committed 11392K, reserved 1058816K
  class space    used 1512K, capacity 1612K, committed 1664K, reserved 1048576K
Event: 1.585 GC heap after
Heap after GC invocations=1 (full 0):
 PSYoungGen      total 75264K, used 8349K [0x000000076c500000, 0x0000000771900000, 0x00000007c0000000)
  eden space 64512K, 0% used [0x000000076c500000,0x000000076c500000,0x0000000770400000)
  from space 10752K, 77% used [0x0000000770400000,0x0000000770c27508,0x0000000770e80000)
  to   space 10752K, 0% used [0x0000000770e80000,0x0000000770e80000,0x0000000771900000)
 ParOldGen       total 172032K, used 16K [0x00000006c4e00000, 0x00000006cf600000, 0x000000076c500000)
  object space 172032K, 0% used [0x00000006c4e00000,0x00000006c4e04000,0x00000006cf600000)
 Metaspace       used 11002K, capacity 11224K, committed 11392K, reserved 1058816K
  class space    used 1512K, capacity 1612K, committed 1664K, reserved 1048576K
}
Event: 4.236 GC heap before
{Heap before GC invocations=2 (full 0):
 PSYoungGen      total 75264K, used 72861K [0x000000076c500000, 0x0000000771900000, 0x00000007c0000000)
  eden space 64512K, 100% used [0x000000076c500000,0x0000000770400000,0x0000000770400000)
  from space 10752K, 77% used [0x0000000770400000,0x0000000770c27508,0x0000000770e80000)
  to   space 10752K, 0% used [0x0000000770e80000,0x0000000770e80000,0x0000000771900000)
 ParOldGen       total 172032K, used 16K [0x00000006c4e00000, 0x00000006cf600000, 0x000000076c500000)
  object space 172032K, 0% used [0x00000006c4e00000,0x00000006c4e04000,0x00000006cf600000)
 Metaspace       used 20399K, capacity 20726K, committed 20864K, reserved 1067008K
  class space    used 2780K, capacity 2898K, committed 2944K, reserved 1048576K
Event: 4.248 GC heap after
Heap after GC invocations=2 (full 0):
 PSYoungGen      total 75264K, used 10739K [0x000000076c500000, 0x0000000771900000, 0x00000007c0000000)
  eden space 64512K, 0% used [0x000000076c500000,0x000000076c500000,0x0000000770400000)
  from space 10752K, 99% used [0x0000000770e80000,0x00000007718fcda0,0x0000000771900000)
  to   space 10752K, 0% used [0x0000000770400000,0x0000000770400000,0x0000000770e80000)
 ParOldGen       total 172032K, used 2383K [0x00000006c4e00000, 0x00000006cf600000, 0x000000076c500000)
  object space 172032K, 1% used [0x00000006c4e00000,0x00000006c5053f10,0x00000006cf600000)
 Metaspace       used 20399K, capacity 20726K, committed 20864K, reserved 1067008K
  class space    used 2780K, capacity 2898K, committed 2944K, reserved 1048576K
}
Event: 4.353 GC heap before
{Heap before GC invocations=3 (full 0):
 PSYoungGen      total 75264K, used 17741K [0x000000076c500000, 0x0000000771900000, 0x00000007c0000000)
  eden space 64512K, 10% used [0x000000076c500000,0x000000076cbd6920,0x0000000770400000)
  from space 10752K, 99% used [0x0000000770e80000,0x00000007718fcda0,0x0000000771900000)
  to   space 10752K, 0% used [0x0000000770400000,0x0000000770400000,0x0000000770e80000)
 ParOldGen       total 172032K, used 2383K [0x00000006c4e00000, 0x00000006cf600000, 0x000000076c500000)
  object space 172032K, 1% used [0x00000006c4e00000,0x00000006c5053f10,0x00000006cf600000)
 Metaspace       used 20865K, capacity 21102K, committed 21296K, reserved 1067008K
  class space    used 2861K, capacity 2938K, committed 2944K, reserved 1048576K
Event: 4.359 GC heap after
Heap after GC invocations=3 (full 0):
 PSYoungGen      total 75264K, used 7752K [0x000000076c500000, 0x0000000775800000, 0x00000007c0000000)
  eden space 64512K, 0% used [0x000000076c500000,0x000000076c500000,0x0000000770400000)
  from space 10752K, 72% used [0x0000000770400000,0x0000000770b921a0,0x0000000770e80000)
  to   space 10752K, 0% used [0x0000000774d80000,0x0000000774d80000,0x0000000775800000)
 ParOldGen       total 172032K, used 2391K [0x00000006c4e00000, 0x00000006cf600000, 0x000000076c500000)
  object space 172032K, 1% used [0x00000006c4e00000,0x00000006c5055f10,0x00000006cf600000)
 Metaspace       used 20865K, capacity 21102K, committed 21296K, reserved 1067008K
  class space    used 2861K, capacity 2938K, committed 2944K, reserved 1048576K
}
Event: 4.359 GC heap before
{Heap before GC invocations=4 (full 1):
 PSYoungGen      total 75264K, used 7752K [0x000000076c500000, 0x0000000775800000, 0x00000007c0000000)
  eden space 64512K, 0% used [0x000000076c500000,0x000000076c500000,0x0000000770400000)
  from space 10752K, 72% used [0x0000000770400000,0x0000000770b921a0,0x0000000770e80000)
  to   space 10752K, 0% used [0x0000000774d80000,0x0000000774d80000,0x0000000775800000)
 ParOldGen       total 172032K, used 2391K [0x00000006c4e00000, 0x00000006cf600000, 0x000000076c500000)
  object space 172032K, 1% used [0x00000006c4e00000,0x00000006c5055f10,0x00000006cf600000)
 Metaspace       used 20865K, capacity 21102K, committed 21296K, reserved 1067008K
  class space    used 2861K, capacity 2938K, committed 2944K, reserved 1048576K
Event: 4.386 GC heap after
Heap after GC invocations=4 (full 1):
 PSYoungGen      total 75264K, used 0K [0x000000076c500000, 0x0000000775800000, 0x00000007c0000000)
  eden space 64512K, 0% used [0x000000076c500000,0x000000076c500000,0x0000000770400000)
  from space 10752K, 0% used [0x0000000770400000,0x0000000770400000,0x0000000770e80000)
  to   space 10752K, 0% used [0x0000000774d80000,0x0000000774d80000,0x0000000775800000)
 ParOldGen       total 92160K, used 7589K [0x00000006c4e00000, 0x00000006ca800000, 0x000000076c500000)
  object space 92160K, 8% used [0x00000006c4e00000,0x00000006c5569448,0x00000006ca800000)
 Metaspace       used 20865K, capacity 21102K, committed 21296K, reserved 1067008K
  class space    used 2861K, capacity 2938K, committed 2944K, reserved 1048576K
}
Event: 5.279 GC heap before
{Heap before GC invocations=5 (full 1):
 PSYoungGen      total 75264K, used 64512K [0x000000076c500000, 0x0000000775800000, 0x00000007c0000000)
  eden space 64512K, 100% used [0x000000076c500000,0x0000000770400000,0x0000000770400000)
  from space 10752K, 0% used [0x0000000770400000,0x0000000770400000,0x0000000770e80000)
  to   space 10752K, 0% used [0x0000000774d80000,0x0000000774d80000,0x0000000775800000)
 ParOldGen       total 92160K, used 7589K [0x00000006c4e00000, 0x00000006ca800000, 0x000000076c500000)
  object space 92160K, 8% used [0x00000006c4e00000,0x00000006c5569448,0x00000006ca800000)
 Metaspace       used 25804K, capacity 26190K, committed 26624K, reserved 1073152K
  class space    used 3617K, capacity 3755K, committed 3840K, reserved 1048576K
Event: 5.285 GC heap after
Heap after GC invocations=5 (full 1):
 PSYoungGen      total 117248K, used 6470K [0x000000076c500000, 0x0000000775400000, 0x00000007c0000000)
  eden space 110592K, 0% used [0x000000076c500000,0x000000076c500000,0x0000000773100000)
  from space 6656K, 97% used [0x0000000774d80000,0x00000007753d1998,0x0000000775400000)
  to   space 10752K, 0% used [0x0000000773f00000,0x0000000773f00000,0x0000000774980000)
 ParOldGen       total 92160K, used 7661K [0x00000006c4e00000, 0x00000006ca800000, 0x000000076c500000)
  object space 92160K, 8% used [0x00000006c4e00000,0x00000006c557b458,0x00000006ca800000)
 Metaspace       used 25804K, capacity 26190K, committed 26624K, reserved 1073152K
  class space    used 3617K, capacity 3755K, committed 3840K, reserved 1048576K
}

