# JRE version: Java(TM) SE Runtime Environment (8.0_51-b16) (build 1.8.0_51-b16)
# Java VM: Java HotSpot(TM) 64-Bit Server VM (25.51-b03 mixed mode windows-amd64 compressed oops)
Heap:
 PSYoungGen      total 183808K, used 107387K [0x000000076c500000, 0x000000077a900000, 0x00000007c0000000)
  eden space 168960K, 63% used [0x000000076c500000,0x0000000772ddec20,0x0000000776a00000)
  from space 14848K, 0% used [0x0000000777980000,0x0000000777980000,0x0000000778800000)
  to   space 15872K, 0% used [0x0000000776a00000,0x0000000776a00000,0x0000000777980000)
 ParOldGen       total 149504K, used 19637K [0x00000006c4e00000, 0x00000006ce000000, 0x000000076c500000)
  object space 149504K, 13% used [0x00000006c4e00000,0x00000006c612d500,0x00000006ce000000)
 Metaspace       used 45350K, capacity 46060K, committed 46464K, reserved 1089536K
  class space    used 6189K, capacity 6435K, committed 6528K, reserved 1048576K
GC Heap History (10 events):
Event: 2.960 GC heap before
{Heap before GC invocations=4 (full 1):
 PSYoungGen      total 75264K, used 7733K [0x000000076c500000, 0x0000000775800000, 0x00000007c0000000)
  eden space 64512K, 0% used [0x000000076c500000,0x000000076c500000,0x0000000770400000)
  from space 10752K, 71% used [0x0000000770400000,0x0000000770b8d680,0x0000000770e80000)
  to   space 10752K, 0% used [0x0000000774d80000,0x0000000774d80000,0x0000000775800000)
 ParOldGen       total 172032K, used 2380K [0x00000006c4e00000, 0x00000006cf600000, 0x000000076c500000)
  object space 172032K, 1% used [0x00000006c4e00000,0x00000006c5053368,0x00000006cf600000)
 Metaspace       used 20874K, capacity 21102K, committed 21296K, reserved 1067008K
  class space    used 2861K, capacity 2938K, committed 2944K, reserved 1048576K
Event: 2.992 GC heap after
Heap after GC invocations=4 (full 1):
 PSYoungGen      total 75264K, used 0K [0x000000076c500000, 0x0000000775800000, 0x00000007c0000000)
  eden space 64512K, 0% used [0x000000076c500000,0x000000076c500000,0x0000000770400000)
  from space 10752K, 0% used [0x0000000770400000,0x0000000770400000,0x0000000770e80000)
  to   space 10752K, 0% used [0x0000000774d80000,0x0000000774d80000,0x0000000775800000)
 ParOldGen       total 95744K, used 7626K [0x00000006c4e00000, 0x00000006cab80000, 0x000000076c500000)
  object space 95744K, 7% used [0x00000006c4e00000,0x00000006c55728b8,0x00000006cab80000)
 Metaspace       used 20874K, capacity 21102K, committed 21296K, reserved 1067008K
  class space    used 2861K, capacity 2938K, committed 2944K, reserved 1048576K
}
Event: 3.671 GC heap before
{Heap before GC invocations=5 (full 1):
 PSYoungGen      total 75264K, used 64512K [0x000000076c500000, 0x0000000775800000, 0x00000007c0000000)
  eden space 64512K, 100% used [0x000000076c500000,0x0000000770400000,0x0000000770400000)
  from space 10752K, 0% used [0x0000000770400000,0x0000000770400000,0x0000000770e80000)
  to   space 10752K, 0% used [0x0000000774d80000,0x0000000774d80000,0x0000000775800000)
 ParOldGen       total 95744K, used 7626K [0x00000006c4e00000, 0x00000006cab80000, 0x000000076c500000)
  object space 95744K, 7% used [0x00000006c4e00000,0x00000006c55728b8,0x00000006cab80000)
 Metaspace       used 25816K, capacity 26236K, committed 26624K, reserved 1073152K
  class space    used 3618K, capacity 3752K, committed 3840K, reserved 1048576K
Event: 3.675 GC heap after
Heap after GC invocations=5 (full 1):
 PSYoungGen      total 113152K, used 6314K [0x000000076c500000, 0x0000000775400000, 0x00000007c0000000)
  eden space 106496K, 0% used [0x000000076c500000,0x000000076c500000,0x0000000772d00000)
  from space 6656K, 94% used [0x0000000774d80000,0x00000007753aa990,0x0000000775400000)
  to   space 10752K, 0% used [0x0000000773f00000,0x0000000773f00000,0x0000000774980000)
 ParOldGen       total 95744K, used 7634K [0x00000006c4e00000, 0x00000006cab80000, 0x000000076c500000)
  object space 95744K, 7% used [0x00000006c4e00000,0x00000006c55748b8,0x00000006cab80000)
 Metaspace       used 25816K, capacity 26236K, committed 26624K, reserved 1073152K
  class space    used 3618K, capacity 3752K, committed 3840K, reserved 1048576K
}
Event: 5.177 GC heap before
{Heap before GC invocations=6 (full 1):
 PSYoungGen      total 113152K, used 112810K [0x000000076c500000, 0x0000000775400000, 0x00000007c0000000)
  eden space 106496K, 100% used [0x000000076c500000,0x0000000772d00000,0x0000000772d00000)
  from space 6656K, 94% used [0x0000000774d80000,0x00000007753aa990,0x0000000775400000)
  to   space 10752K, 0% used [0x0000000773f00000,0x0000000773f00000,0x0000000774980000)
 ParOldGen       total 95744K, used 7634K [0x00000006c4e00000, 0x00000006cab80000, 0x000000076c500000)
  object space 95744K, 7% used [0x00000006c4e00000,0x00000006c55748b8,0x00000006cab80000)
 Metaspace       used 32916K, capacity 33380K, committed 33664K, reserved 1079296K
  class space    used 4499K, capacity 4679K, committed 4736K, reserved 1048576K
Event: 5.185 GC heap after
Heap after GC invocations=6 (full 1):
 PSYoungGen      total 135680K, used 10722K [0x000000076c500000, 0x0000000778800000, 0x00000007c0000000)
  eden space 124928K, 0% used [0x000000076c500000,0x000000076c500000,0x0000000773f00000)
  from space 10752K, 99% used [0x0000000773f00000,0x0000000774978b28,0x0000000774980000)
  to   space 14848K, 0% used [0x0000000777980000,0x0000000777980000,0x0000000778800000)
 ParOldGen       total 95744K, used 8219K [0x00000006c4e00000, 0x00000006cab80000, 0x000000076c500000)
  object space 95744K, 8% used [0x00000006c4e00000,0x00000006c5606e50,0x00000006cab80000)
 Metaspace       used 32916K, capacity 33380K, committed 33664K, reserved 1079296K
  class space    used 4499K, capacity 4679K, committed 4736K, reserved 1048576K
}
Event: 5.569 GC heap before
{Heap before GC invocations=7 (full 1):
 PSYoungGen      total 135680K, used 52768K [0x000000076c500000, 0x0000000778800000, 0x00000007c0000000)
  eden space 124928K, 33% used [0x000000076c500000,0x000000076ee0f6e0,0x0000000773f00000)
  from space 10752K, 99% used [0x0000000773f00000,0x0000000774978b28,0x0000000774980000)
  to   space 14848K, 0% used [0x0000000777980000,0x0000000777980000,0x0000000778800000)
 ParOldGen       total 95744K, used 8219K [0x00000006c4e00000, 0x00000006cab80000, 0x000000076c500000)
  object space 95744K, 8% used [0x00000006c4e00000,0x00000006c5606e50,0x00000006cab80000)
 Metaspace       used 34670K, capacity 35262K, committed 35456K, reserved 1079296K
  class space    used 4740K, capacity 4964K, committed 4992K, reserved 1048576K
Event: 5.577 GC heap after
Heap after GC invocations=7 (full 1):
 PSYoungGen      total 183808K, used 12580K [0x000000076c500000, 0x000000077a900000, 0x00000007c0000000)
  eden space 168960K, 0% used [0x000000076c500000,0x000000076c500000,0x0000000776a00000)
  from space 14848K, 84% used [0x0000000777980000,0x00000007785c9188,0x0000000778800000)
  to   space 15872K, 0% used [0x0000000776a00000,0x0000000776a00000,0x0000000777980000)
 ParOldGen       total 95744K, used 8227K [0x00000006c4e00000, 0x00000006cab80000, 0x000000076c500000)
  object space 95744K, 8% used [0x00000006c4e00000,0x00000006c5608e50,0x00000006cab80000)
 Metaspace       used 34670K, capacity 35262K, committed 35456K, reserved 1079296K
  class space    used 4740K, capacity 4964K, committed 4992K, reserved 1048576K
}
Event: 5.577 GC heap before
{Heap before GC invocations=8 (full 2):
 PSYoungGen      total 183808K, used 12580K [0x000000076c500000, 0x000000077a900000, 0x00000007c0000000)
  eden space 168960K, 0% used [0x000000076c500000,0x000000076c500000,0x0000000776a00000)
  from space 14848K, 84% used [0x0000000777980000,0x00000007785c9188,0x0000000778800000)
  to   space 15872K, 0% used [0x0000000776a00000,0x0000000776a00000,0x0000000777980000)
 ParOldGen       total 95744K, used 8227K [0x00000006c4e00000, 0x00000006cab80000, 0x000000076c500000)
  object space 95744K, 8% used [0x00000006c4e00000,0x00000006c5608e50,0x00000006cab80000)
 Metaspace       used 34670K, capacity 35262K, committed 35456K, reserved 1079296K
  class space    used 4740K, capacity 4964K, committed 4992K, reserved 1048576K
Event: 5.639 GC heap after
Heap after GC invocations=8 (full 2):
 PSYoungGen      total 183808K, used 0K [0x000000076c500000, 0x000000077a900000, 0x00000007c0000000)
  eden space 168960K, 0% used [0x000000076c500000,0x000000076c500000,0x0000000776a00000)
  from space 14848K, 0% used [0x0000000777980000,0x0000000777980000,0x0000000778800000)
  to   space 15872K, 0% used [0x0000000776a00000,0x0000000776a00000,0x0000000777980000)
 ParOldGen       total 149504K, used 19637K [0x00000006c4e00000, 0x00000006ce000000, 0x000000076c500000)
  object space 149504K, 13% used [0x00000006c4e00000,0x00000006c612d500,0x00000006ce000000)
 Metaspace       used 34670K, capacity 35262K, committed 35456K, reserved 1079296K
  class space    used 4740K, capacity 4964K, committed 4992K, reserved 1048576K
}

